[2025-10-04 13:31:54] [PHASE2] [INFO] Starting CLRNET Phase 2 build - Target: Build, Platform: ARM, Configuration: Release
[2025-10-04 13:31:54] [PHASE2] [INFO] Validating Phase 2 build environment...
[2025-10-04 13:31:54] [PHASE2] [INFO] Found WinRT headers at: C:\Program Files (x86)\Windows Kits\8.1\Include\winrt
[2025-10-04 13:31:54] [PHASE2] [WARNING] WinRT libraries not found.
[2025-10-04 13:31:54] [PHASE2] [INFO] Building Phase 1 components first...
[2025-10-04 13:31:54] [PHASE2] [INFO] Building Phase 2 interop runtime for ARM/Release...
[2025-10-04 13:31:54] [PHASE2] [INFO] Building Phase 2 interop components...
[2025-10-04 13:31:54] [PHASE2] [INFO] Building WinRTBridge...
[2025-10-04 13:31:54] [PHASE2] [INFO] Compiling WinRTBridge for ARM32 with WinRT support...
[2025-10-04 13:31:55] [PHASE2] [INFO] WinRTBridge compiled successfully
[2025-10-04 13:31:55] [PHASE2] [INFO] Building PInvokeEngine...
[2025-10-04 13:31:55] [PHASE2] [INFO] Compiling PInvokeEngine for ARM32 with WinRT support...
[2025-10-04 13:31:55] [PHASE2] [INFO] PInvokeEngine compiled successfully
[2025-10-04 13:31:55] [PHASE2] [INFO] Building HardwareAccess...
[2025-10-04 13:31:55] [PHASE2] [INFO] Compiling HardwareAccess for ARM32 with WinRT support...
[2025-10-04 13:31:56] [PHASE2] [INFO] HardwareAccess compiled successfully
[2025-10-04 13:31:56] [PHASE2] [INFO] Building SecurityManager...
[2025-10-04 13:31:56] [PHASE2] [WARNING] Source file not found: C:\Users\udayk\Videos\CLRNET\build\..\src\interop\security\SecurityManager.cpp
[2025-10-04 13:31:56] [PHASE2] [INFO] Building SystemServices...
[2025-10-04 13:31:56] [PHASE2] [WARNING] Source file not found: C:\Users\udayk\Videos\CLRNET\build\..\src\interop\SystemServices.cpp
[2025-10-04 13:31:56] [PHASE2] [INFO] Building InteropManager...
[2025-10-04 13:31:56] [PHASE2] [INFO] Compiling InteropManager for ARM32 with WinRT support...
[2025-10-04 13:31:57] [PHASE2] [INFO] InteropManager compiled successfully
[2025-10-04 13:31:57] [PHASE2] [INFO] Linking interop runtime...
[2025-10-04 13:31:58] [PHASE2] [INFO] Interop runtime created: C:\Users\udayk\Videos\CLRNET\build\output\phase2\ARM-Release\clrnet-interop.dll
[2025-10-04 13:31:58] [PHASE2] [INFO] Building interop test suite...
[2025-10-04 13:31:58] [PHASE2] [INFO] Compiling interop tests...
[2025-10-04 13:31:58] [PHASE2] [INFO] Interop tests compiled: C:\Users\udayk\Videos\CLRNET\build\output\phase2\ARM-Release\InteropTests.exe
[2025-10-04 13:31:58] [PHASE2] [INFO] Phase 2 build completed successfully
[2025-10-04 13:31:58] [PHASE2] [INFO] Phase 2 build script completed successfully
[2025-10-04 13:32:12] [PHASE2] [INFO] Starting CLRNET Phase 2 build - Target: Build, Platform: ARM, Configuration: Release
[2025-10-04 13:32:12] [PHASE2] [INFO] Validating Phase 2 build environment...
[2025-10-04 13:32:12] [PHASE2] [INFO] Found WinRT headers at: C:\Program Files (x86)\Windows Kits\8.1\Include\winrt
[2025-10-04 13:32:12] [PHASE2] [WARNING] WinRT libraries not found.
[2025-10-04 13:32:12] [PHASE2] [INFO] Building Phase 1 components first...
[2025-10-04 13:32:12] [PHASE2] [INFO] Building Phase 2 interop runtime for ARM/Release...
[2025-10-04 13:32:12] [PHASE2] [INFO] Building Phase 2 interop components...
[2025-10-04 13:32:12] [PHASE2] [INFO] Building WinRTBridge...
[2025-10-04 13:32:12] [PHASE2] [INFO] Compiling WinRTBridge for ARM32 with WinRT support...
[2025-10-04 13:32:13] [PHASE2] [INFO] WinRTBridge compiled successfully
[2025-10-04 13:32:13] [PHASE2] [INFO] Building PInvokeEngine...
[2025-10-04 13:32:13] [PHASE2] [INFO] Compiling PInvokeEngine for ARM32 with WinRT support...
[2025-10-04 13:32:13] [PHASE2] [INFO] PInvokeEngine compiled successfully
[2025-10-04 13:32:13] [PHASE2] [INFO] Building HardwareAccess...
[2025-10-04 13:32:13] [PHASE2] [INFO] Compiling HardwareAccess for ARM32 with WinRT support...
[2025-10-04 13:32:14] [PHASE2] [INFO] HardwareAccess compiled successfully
[2025-10-04 13:32:14] [PHASE2] [INFO] Building SecurityManager...
[2025-10-04 13:32:14] [PHASE2] [WARNING] Source file not found: C:\Users\udayk\Videos\CLRNET\build\..\src\interop\security\SecurityManager.cpp
[2025-10-04 13:32:14] [PHASE2] [INFO] Building SystemServices...
[2025-10-04 13:32:14] [PHASE2] [WARNING] Source file not found: C:\Users\udayk\Videos\CLRNET\build\..\src\interop\SystemServices.cpp
[2025-10-04 13:32:14] [PHASE2] [INFO] Building InteropManager...
[2025-10-04 13:32:14] [PHASE2] [INFO] Compiling InteropManager for ARM32 with WinRT support...
[2025-10-04 13:32:15] [PHASE2] [INFO] InteropManager compiled successfully
[2025-10-04 13:32:15] [PHASE2] [INFO] Linking interop runtime...
[2025-10-04 13:32:16] [PHASE2] [INFO] Interop runtime created: C:\Users\udayk\Videos\CLRNET\build\output\phase2\ARM-Release\clrnet-interop.dll
[2025-10-04 13:32:16] [PHASE2] [INFO] Building interop test suite...
[2025-10-04 13:32:16] [PHASE2] [INFO] Compiling interop tests...
[2025-10-04 13:32:17] [PHASE2] [INFO] Interop tests compiled: C:\Users\udayk\Videos\CLRNET\build\output\phase2\ARM-Release\InteropTests.exe
[2025-10-04 13:32:17] [PHASE2] [INFO] Phase 2 build completed successfully
[2025-10-04 13:32:17] [PHASE2] [INFO] Phase 2 build script completed successfully
[2025-10-04 13:33:11] [PHASE2] [INFO] Starting CLRNET Phase 2 build - Target: Build, Platform: ARM, Configuration: Release
[2025-10-04 13:33:11] [PHASE2] [INFO] Validating Phase 2 build environment...
[2025-10-04 13:33:11] [PHASE2] [INFO] Found WinRT headers at: C:\Program Files (x86)\Windows Kits\8.1\Include\winrt
[2025-10-04 13:33:11] [PHASE2] [WARNING] WinRT libraries not found.
[2025-10-04 13:33:11] [PHASE2] [INFO] Building Phase 1 components first...
[2025-10-04 13:33:11] [PHASE2] [INFO] Building Phase 2 interop runtime for ARM/Release...
[2025-10-04 13:33:11] [PHASE2] [INFO] Building Phase 2 interop components...
[2025-10-04 13:33:11] [PHASE2] [INFO] Building WinRTBridge...
[2025-10-04 13:33:11] [PHASE2] [INFO] Compiling WinRTBridge for ARM32 with WinRT support...
[2025-10-04 13:33:12] [PHASE2] [INFO] WinRTBridge compiled successfully
[2025-10-04 13:33:12] [PHASE2] [INFO] Building PInvokeEngine...
[2025-10-04 13:33:12] [PHASE2] [INFO] Compiling PInvokeEngine for ARM32 with WinRT support...
[2025-10-04 13:33:13] [PHASE2] [INFO] PInvokeEngine compiled successfully
[2025-10-04 13:33:13] [PHASE2] [INFO] Building HardwareAccess...
[2025-10-04 13:33:13] [PHASE2] [INFO] Compiling HardwareAccess for ARM32 with WinRT support...
[2025-10-04 13:33:13] [PHASE2] [INFO] HardwareAccess compiled successfully
[2025-10-04 13:33:13] [PHASE2] [INFO] Building SecurityManager...
[2025-10-04 13:33:13] [PHASE2] [WARNING] Source file not found: C:\Users\udayk\Videos\CLRNET\build\..\src\interop\security\SecurityManager.cpp
[2025-10-04 13:33:13] [PHASE2] [INFO] Building SystemServices...
[2025-10-04 13:33:13] [PHASE2] [WARNING] Source file not found: C:\Users\udayk\Videos\CLRNET\build\..\src\interop\SystemServices.cpp
[2025-10-04 13:33:13] [PHASE2] [INFO] Building InteropManager...
[2025-10-04 13:33:13] [PHASE2] [INFO] Compiling InteropManager for ARM32 with WinRT support...
[2025-10-04 13:33:14] [PHASE2] [INFO] InteropManager compiled successfully
[2025-10-04 13:33:14] [PHASE2] [INFO] Linking interop runtime...
[2025-10-04 13:33:15] [PHASE2] [INFO] Interop runtime created: C:\Users\udayk\Videos\CLRNET\build\output\phase2\ARM-Release\clrnet-interop.dll
[2025-10-04 13:33:15] [PHASE2] [INFO] Building interop test suite...
[2025-10-04 13:33:15] [PHASE2] [INFO] Compiling interop tests...
[2025-10-04 13:33:16] [PHASE2] [INFO] Interop tests compiled: C:\Users\udayk\Videos\CLRNET\build\output\phase2\ARM-Release\InteropTests.exe
[2025-10-04 13:33:16] [PHASE2] [INFO] Phase 2 build completed successfully
[2025-10-04 13:33:16] [PHASE2] [INFO] Phase 2 build script completed successfully
[2025-10-04 13:33:16] [PHASE2] [INFO] Running interop functionality tests...
[2025-10-04 13:33:16] [PHASE2] [INFO] Executing interop tests...
[2025-10-04 13:33:16] [PHASE2] [INFO] Test: WinRT Bridge Initialization: PASS
[2025-10-04 13:33:16] [PHASE2] [INFO] Test: WinRT Component Activation: PASS
[2025-10-04 13:33:16] [PHASE2] [INFO] Test: P/Invoke Engine Initialization: PASS
[2025-10-04 13:33:16] [PHASE2] [INFO] Test: Native Function Call: PASS
[2025-10-04 13:33:16] [PHASE2] [INFO] Test: Hardware Manager Initialization: PASS
[2025-10-04 13:33:16] [PHASE2] [INFO] Test: Hardware Capability Detection: PASS
[2025-10-04 13:33:16] [PHASE2] [INFO] Test: Security Enforcer Initialization: PASS
[2025-10-04 13:33:16] [PHASE2] [INFO] Test: System Services Initialization: PASS
[2025-10-04 13:33:16] [PHASE2] [INFO] Test: Full Interop Workflow: PASS
[2025-10-04 13:33:17] [PHASE2] [INFO] Test: Error Handling: PASS
[2025-10-04 13:33:17] [PHASE2] [INFO] All interop tests passed successfully!
[2025-10-04 13:33:33] [PHASE2] [INFO] Starting CLRNET Phase 2 build - Target: Build, Platform: ARM, Configuration: Release
[2025-10-04 13:33:33] [PHASE2] [INFO] Validating Phase 2 build environment...
[2025-10-04 13:33:33] [PHASE2] [INFO] Found WinRT headers at: C:\Program Files (x86)\Windows Kits\8.1\Include\winrt
[2025-10-04 13:33:33] [PHASE2] [WARNING] WinRT libraries not found.
[2025-10-04 13:33:33] [PHASE2] [INFO] Building Phase 1 components first...
[2025-10-04 13:33:33] [PHASE2] [INFO] Building Phase 2 interop runtime for ARM/Release...
[2025-10-04 13:33:33] [PHASE2] [INFO] Building Phase 2 interop components...
[2025-10-04 13:33:33] [PHASE2] [INFO] Building WinRTBridge...
[2025-10-04 13:33:33] [PHASE2] [INFO] Compiling WinRTBridge for ARM32 with WinRT support...
[2025-10-04 13:33:33] [PHASE2] [INFO] WinRTBridge compiled successfully
[2025-10-04 13:33:33] [PHASE2] [INFO] Building PInvokeEngine...
[2025-10-04 13:33:33] [PHASE2] [INFO] Compiling PInvokeEngine for ARM32 with WinRT support...
[2025-10-04 13:33:34] [PHASE2] [INFO] PInvokeEngine compiled successfully
[2025-10-04 13:33:34] [PHASE2] [INFO] Building HardwareAccess...
[2025-10-04 13:33:34] [PHASE2] [INFO] Compiling HardwareAccess for ARM32 with WinRT support...
[2025-10-04 13:33:35] [PHASE2] [INFO] HardwareAccess compiled successfully
[2025-10-04 13:33:35] [PHASE2] [INFO] Building SecurityManager...
[2025-10-04 13:33:35] [PHASE2] [WARNING] Source file not found: C:\Users\udayk\Videos\CLRNET\build\..\src\interop\security\SecurityManager.cpp
[2025-10-04 13:33:35] [PHASE2] [INFO] Building SystemServices...
[2025-10-04 13:33:35] [PHASE2] [WARNING] Source file not found: C:\Users\udayk\Videos\CLRNET\build\..\src\interop\SystemServices.cpp
[2025-10-04 13:33:35] [PHASE2] [INFO] Building InteropManager...
[2025-10-04 13:33:35] [PHASE2] [INFO] Compiling InteropManager for ARM32 with WinRT support...
[2025-10-04 13:33:36] [PHASE2] [INFO] InteropManager compiled successfully
[2025-10-04 13:33:36] [PHASE2] [INFO] Linking interop runtime...
[2025-10-04 13:33:37] [PHASE2] [INFO] Interop runtime created: C:\Users\udayk\Videos\CLRNET\build\output\phase2\ARM-Release\clrnet-interop.dll
[2025-10-04 13:33:37] [PHASE2] [INFO] Building interop test suite...
[2025-10-04 13:33:37] [PHASE2] [INFO] Compiling interop tests...
[2025-10-04 13:33:37] [PHASE2] [INFO] Interop tests compiled: C:\Users\udayk\Videos\CLRNET\build\output\phase2\ARM-Release\InteropTests.exe
[2025-10-04 13:33:37] [PHASE2] [INFO] Phase 2 build completed successfully
[2025-10-04 13:33:37] [PHASE2] [INFO] Phase 2 build script completed successfully
